{"/Users/kurturban/Coding/Scrubber/packages/backend/src/index.ts": {"path":"/Users/kurturban/Coding/Scrubber/packages/backend/src/index.ts","statementMap":{"0":{"start":{"line":1,"column":0},"end":{"line":1,"column":33}},"1":{"start":{"line":2,"column":0},"end":{"line":2,"column":49}},"2":{"start":{"line":4,"column":0},"end":{"line":4,"column":53}},"3":{"start":{"line":5,"column":0},"end":{"line":5,"column":24}},"4":{"start":{"line":6,"column":0},"end":{"line":6,"column":37}},"5":{"start":{"line":7,"column":0},"end":{"line":7,"column":26}},"6":{"start":{"line":8,"column":0},"end":{"line":8,"column":28}},"7":{"start":{"line":14,"column":2},"end":{"line":18,"column":5}},"8":{"start":{"line":20,"column":2},"end":{"line":20,"column":20}},"9":{"start":{"line":21,"column":2},"end":{"line":21,"column":28}},"10":{"start":{"line":24,"column":12},"end":{"line":24,"column":21}},"11":{"start":{"line":25,"column":0},"end":{"line":25,"column":16}},"12":{"start":{"line":26,"column":13},"end":{"line":26,"column":37}},"13":{"start":{"line":28,"column":0},"end":{"line":28,"column":27}},"14":{"start":{"line":29,"column":0},"end":{"line":29,"column":51}},"15":{"start":{"line":31,"column":15},"end":{"line":31,"column":58}},"16":{"start":{"line":33,"column":0},"end":{"line":35,"column":3}},"17":{"start":{"line":34,"column":2},"end":{"line":34,"column":44}},"18":{"start":{"line":37,"column":0},"end":{"line":170,"column":2}},"19":{"start":{"line":40,"column":40},"end":{"line":169,"column":null}},"20":{"start":{"line":41,"column":4},"end":{"line":43,"column":5}},"21":{"start":{"line":42,"column":6},"end":{"line":42,"column":21}},"22":{"start":{"line":44,"column":17},"end":{"line":44,"column":26}},"23":{"start":{"line":46,"column":4},"end":{"line":48,"column":5}},"24":{"start":{"line":47,"column":6},"end":{"line":47,"column":66}},"25":{"start":{"line":50,"column":19},"end":{"line":53,"column":6}},"26":{"start":{"line":55,"column":28},"end":{"line":68,"column":6}},"27":{"start":{"line":55,"column":39},"end":{"line":68,"column":6}},"28":{"start":{"line":56,"column":6},"end":{"line":67,"column":7}},"29":{"start":{"line":57,"column":8},"end":{"line":57,"column":46}},"30":{"start":{"line":58,"column":8},"end":{"line":58,"column":20}},"31":{"start":{"line":60,"column":8},"end":{"line":66,"column":9}},"32":{"start":{"line":61,"column":10},"end":{"line":61,"column":23}},"33":{"start":{"line":64,"column":10},"end":{"line":64,"column":50}},"34":{"start":{"line":65,"column":10},"end":{"line":65,"column":22}},"35":{"start":{"line":71,"column":23},"end":{"line":71,"column":46}},"36":{"start":{"line":74,"column":4},"end":{"line":94,"column":5}},"37":{"start":{"line":75,"column":6},"end":{"line":93,"column":7}},"38":{"start":{"line":76,"column":29},"end":{"line":83,"column":10}},"39":{"start":{"line":85,"column":8},"end":{"line":87,"column":11}},"40":{"start":{"line":86,"column":10},"end":{"line":86,"column":74}},"41":{"start":{"line":89,"column":8},"end":{"line":89,"column":48}},"42":{"start":{"line":91,"column":8},"end":{"line":91,"column":58}},"43":{"start":{"line":92,"column":8},"end":{"line":92,"column":57}},"44":{"start":{"line":96,"column":25},"end":{"line":104,"column":6}},"45":{"start":{"line":107,"column":4},"end":{"line":112,"column":5}},"46":{"start":{"line":108,"column":6},"end":{"line":108,"column":50}},"47":{"start":{"line":110,"column":6},"end":{"line":110,"column":60}},"48":{"start":{"line":111,"column":6},"end":{"line":111,"column":62}},"49":{"start":{"line":114,"column":33},"end":{"line":157,"column":6}},"50":{"start":{"line":120,"column":8},"end":{"line":157,"column":6}},"51":{"start":{"line":121,"column":30},"end":{"line":124,"column":8}},"52":{"start":{"line":126,"column":25},"end":{"line":126,"column":26}},"53":{"start":{"line":127,"column":20},"end":{"line":127,"column":24}},"54":{"start":{"line":129,"column":6},"end":{"line":153,"column":7}},"55":{"start":{"line":129,"column":25},"end":{"line":129,"column":26}},"56":{"start":{"line":130,"column":8},"end":{"line":149,"column":9}},"57":{"start":{"line":132,"column":38},"end":{"line":134,"column":22}},"58":{"start":{"line":137,"column":28},"end":{"line":141,"column":12}},"59":{"start":{"line":143,"column":10},"end":{"line":143,"column":76}},"60":{"start":{"line":145,"column":10},"end":{"line":148,"column":11}},"61":{"start":{"line":146,"column":12},"end":{"line":146,"column":76}},"62":{"start":{"line":147,"column":12},"end":{"line":147,"column":31}},"63":{"start":{"line":152,"column":8},"end":{"line":152,"column":67}},"64":{"start":{"line":152,"column":39},"end":{"line":152,"column":65}},"65":{"start":{"line":155,"column":6},"end":{"line":155,"column":73}},"66":{"start":{"line":156,"column":6},"end":{"line":156,"column":75}},"67":{"start":{"line":159,"column":4},"end":{"line":168,"column":5}},"68":{"start":{"line":160,"column":23},"end":{"line":160,"column":51}},"69":{"start":{"line":161,"column":6},"end":{"line":163,"column":7}},"70":{"start":{"line":162,"column":8},"end":{"line":162,"column":58}},"71":{"start":{"line":164,"column":6},"end":{"line":164,"column":44}},"72":{"start":{"line":166,"column":6},"end":{"line":166,"column":53}},"73":{"start":{"line":167,"column":6},"end":{"line":167,"column":59}},"74":{"start":{"line":172,"column":0},"end":{"line":174,"column":3}},"75":{"start":{"line":173,"column":22},"end":{"line":173,"column":109}},"76":{"start":{"line":176,"column":0},"end":{"line":176,"column":19}},"77":{"start":{"line":183,"column":85},"end":{"line":183,"column":38899}},"78":{"start":{"line":183,"column":89},"end":{"line":183,"column":38888}},"79":{"start":{"line":183,"column":39014},"end":{"line":183,"column":39020}},"80":{"start":{"line":183,"column":39135},"end":{"line":183,"column":39141}},"81":{"start":{"line":183,"column":39260},"end":{"line":183,"column":39266}},"82":{"start":{"line":183,"column":39410},"end":{"line":183,"column":39416}}},"fnMap":{"0":{"name":"configureAWS","decl":{"start":{"line":13,"column":9},"end":{"line":13,"column":21}},"loc":{"start":{"line":13,"column":21},"end":{"line":22,"column":1}}},"1":{"name":"(anonymous_15)","decl":{"start":{"line":33,"column":19},"end":{"line":33,"column":20}},"loc":{"start":{"line":33,"column":51},"end":{"line":35,"column":1}}},"2":{"name":"(anonymous_16)","decl":{"start":{"line":40,"column":2},"end":{"line":40,"column":9}},"loc":{"start":{"line":40,"column":40},"end":{"line":169,"column":null}}},"3":{"name":"(anonymous_17)","decl":{"start":{"line":40,"column":40},"end":{"line":40,"column":null}},"loc":{"start":{"line":40,"column":40},"end":{"line":169,"column":3}}},"4":{"name":"(anonymous_18)","decl":{"start":{"line":55,"column":28},"end":{"line":55,"column":37}},"loc":{"start":{"line":55,"column":39},"end":{"line":68,"column":6}}},"5":{"name":"(anonymous_19)","decl":{"start":{"line":55,"column":39},"end":{"line":55,"column":null}},"loc":{"start":{"line":55,"column":39},"end":{"line":68,"column":5}}},"6":{"name":"(anonymous_20)","decl":{"start":{"line":85,"column":51},"end":{"line":85,"column":52}},"loc":{"start":{"line":85,"column":59},"end":{"line":87,"column":9}}},"7":{"name":"(anonymous_21)","decl":{"start":{"line":114,"column":33},"end":{"line":114,"column":null}},"loc":{"start":{"line":120,"column":8},"end":{"line":157,"column":6}}},"8":{"name":"(anonymous_22)","decl":{"start":{"line":120,"column":8},"end":{"line":120,"column":null}},"loc":{"start":{"line":120,"column":8},"end":{"line":157,"column":5}}},"9":{"name":"(anonymous_23)","decl":{"start":{"line":152,"column":26},"end":{"line":152,"column":27}},"loc":{"start":{"line":152,"column":39},"end":{"line":152,"column":65}}},"10":{"name":"(anonymous_24)","decl":{"start":{"line":172,"column":17},"end":{"line":172,"column":20}},"loc":{"start":{"line":172,"column":22},"end":{"line":174,"column":1}}},"11":{"name":"oo_cm","decl":{"start":{"line":183,"column":77},"end":{"line":183,"column":82}},"loc":{"start":{"line":183,"column":82},"end":{"line":183,"column":38900}}}},"branchMap":{"0":{"loc":{"start":{"line":26,"column":13},"end":{"line":26,"column":37}},"type":"binary-expr","locations":[{"start":{"line":26,"column":13},"end":{"line":26,"column":29}},{"start":{"line":26,"column":33},"end":{"line":26,"column":37}}]},"1":{"loc":{"start":{"line":41,"column":4},"end":{"line":43,"column":5}},"type":"if","locations":[{"start":{"line":41,"column":4},"end":{"line":43,"column":5}}]},"2":{"loc":{"start":{"line":41,"column":8},"end":{"line":41,"column":22}},"type":"binary-expr","locations":[{"start":{"line":41,"column":8},"end":{"line":41,"column":11}},{"start":{"line":41,"column":15},"end":{"line":41,"column":22}}]},"3":{"loc":{"start":{"line":44,"column":17},"end":{"line":44,"column":26}},"type":"cond-expr","locations":[{"start":{"line":44,"column":20},"end":{"line":44,"column":22}},{"start":{"line":44,"column":17},"end":{"line":44,"column":26}}]},"4":{"loc":{"start":{"line":44,"column":17},"end":{"line":44,"column":22}},"type":"binary-expr","locations":[{"start":{"line":44,"column":17},"end":{"line":44,"column":22}},{"start":{"line":44,"column":17},"end":{"line":44,"column":22}}]},"5":{"loc":{"start":{"line":46,"column":4},"end":{"line":48,"column":5}},"type":"if","locations":[{"start":{"line":46,"column":4},"end":{"line":48,"column":5}}]},"6":{"loc":{"start":{"line":60,"column":8},"end":{"line":66,"column":9}},"type":"if","locations":[{"start":{"line":60,"column":8},"end":{"line":66,"column":9}},{"start":{"line":62,"column":15},"end":{"line":66,"column":9}}]},"7":{"loc":{"start":{"line":60,"column":12},"end":{"line":60,"column":23}},"type":"cond-expr","locations":[{"start":{"line":60,"column":17},"end":{"line":60,"column":19}},{"start":{"line":60,"column":12},"end":{"line":60,"column":23}}]},"8":{"loc":{"start":{"line":60,"column":12},"end":{"line":60,"column":19}},"type":"binary-expr","locations":[{"start":{"line":60,"column":12},"end":{"line":60,"column":19}},{"start":{"line":60,"column":12},"end":{"line":60,"column":19}}]},"9":{"loc":{"start":{"line":74,"column":4},"end":{"line":94,"column":5}},"type":"if","locations":[{"start":{"line":74,"column":4},"end":{"line":94,"column":5}}]},"10":{"loc":{"start":{"line":145,"column":10},"end":{"line":148,"column":11}},"type":"if","locations":[{"start":{"line":145,"column":10},"end":{"line":148,"column":11}}]},"11":{"loc":{"start":{"line":161,"column":6},"end":{"line":163,"column":7}},"type":"if","locations":[{"start":{"line":161,"column":6},"end":{"line":163,"column":7}}]},"12":{"loc":{"start":{"line":183,"column":96},"end":{"line":183,"column":38887}},"type":"binary-expr","locations":[{"start":{"line":183,"column":96},"end":{"line":183,"column":133}},{"start":{"line":183,"column":137},"end":{"line":183,"column":38887}}]}},"s":{"0":1,"1":1,"2":1,"3":1,"4":1,"5":1,"6":1,"7":1,"8":1,"9":1,"10":1,"11":1,"12":1,"13":1,"14":1,"15":1,"16":1,"17":0,"18":1,"19":4,"20":4,"21":1,"22":4,"23":4,"24":1,"25":3,"26":3,"27":3,"28":3,"29":3,"30":0,"31":3,"32":0,"33":3,"34":3,"35":3,"36":0,"37":0,"38":0,"39":0,"40":0,"41":0,"42":0,"43":0,"44":0,"45":0,"46":0,"47":0,"48":0,"49":0,"50":0,"51":0,"52":0,"53":0,"54":0,"55":0,"56":0,"57":0,"58":0,"59":0,"60":0,"61":0,"62":0,"63":0,"64":0,"65":0,"66":0,"67":0,"68":0,"69":0,"70":0,"71":0,"72":0,"73":0,"74":1,"75":1,"76":1,"77":1,"78":1,"79":1,"80":1,"81":1,"82":1},"f":{"0":1,"1":0,"2":4,"3":4,"4":3,"5":3,"6":0,"7":0,"8":0,"9":0,"10":1,"11":1},"b":{"0":[1,0],"1":[1],"2":[4,3],"3":[0,4],"4":[4,4],"5":[1],"6":[0,3],"7":[0,3],"8":[3,3],"9":[0],"10":[0],"11":[0],"12":[1,1]}}
}
