TN:
SF:packages/backend/src/index.ts
FN:13,configureAWS
FN:33,(anonymous_15)
FN:40,(anonymous_16)
FN:40,(anonymous_17)
FN:55,(anonymous_18)
FN:55,(anonymous_19)
FN:85,(anonymous_20)
FN:114,(anonymous_21)
FN:120,(anonymous_22)
FN:152,(anonymous_23)
FN:172,(anonymous_24)
FN:183,oo_cm
FNF:12
FNH:7
FNDA:1,configureAWS
FNDA:0,(anonymous_15)
FNDA:4,(anonymous_16)
FNDA:4,(anonymous_17)
FNDA:3,(anonymous_18)
FNDA:3,(anonymous_19)
FNDA:0,(anonymous_20)
FNDA:0,(anonymous_21)
FNDA:0,(anonymous_22)
FNDA:0,(anonymous_23)
FNDA:1,(anonymous_24)
FNDA:1,oo_cm
DA:1,1
DA:2,1
DA:4,1
DA:5,1
DA:6,1
DA:7,1
DA:8,1
DA:14,1
DA:20,1
DA:21,1
DA:24,1
DA:25,1
DA:26,1
DA:28,1
DA:29,1
DA:31,1
DA:33,1
DA:34,0
DA:37,1
DA:40,4
DA:41,4
DA:42,1
DA:44,4
DA:46,4
DA:47,1
DA:50,3
DA:55,3
DA:56,3
DA:57,3
DA:58,0
DA:60,3
DA:61,0
DA:64,3
DA:65,3
DA:71,3
DA:74,0
DA:75,0
DA:76,0
DA:85,0
DA:86,0
DA:89,0
DA:91,0
DA:92,0
DA:96,0
DA:107,0
DA:108,0
DA:110,0
DA:111,0
DA:114,0
DA:120,0
DA:121,0
DA:126,0
DA:127,0
DA:129,0
DA:130,0
DA:132,0
DA:137,0
DA:143,0
DA:145,0
DA:146,0
DA:147,0
DA:152,0
DA:155,0
DA:156,0
DA:159,0
DA:160,0
DA:161,0
DA:162,0
DA:164,0
DA:166,0
DA:167,0
DA:172,1
DA:173,1
DA:176,1
DA:183,1
LF:75
LH:36
BRDA:26,0,0,1
BRDA:26,0,1,0
BRDA:41,1,0,1
BRDA:41,2,0,4
BRDA:41,2,1,3
BRDA:44,3,0,0
BRDA:44,3,1,4
BRDA:44,4,0,4
BRDA:44,4,1,4
BRDA:46,5,0,1
BRDA:60,6,0,0
BRDA:60,6,1,3
BRDA:60,7,0,0
BRDA:60,7,1,3
BRDA:60,8,0,3
BRDA:60,8,1,3
BRDA:74,9,0,0
BRDA:145,10,0,0
BRDA:161,11,0,0
BRDA:183,12,0,1
BRDA:183,12,1,1
BRF:21
BRH:14
end_of_record
